<?xml version="1.0" encoding="UTF-8"?>
<testsuite name="Tests for Anime Repository" tests="6" skipped="0" failures="0" errors="0" timestamp="2023-10-30T19:30:47" hostname="TROJAN" time="0.253">
  <properties/>
  <testcase name="GET - It finds anime by name if successful" classname="com.example.demo.repository.AnimeRepositoryTest" time="0.064"/>
  <testcase name="DELETE - It removes anime if successful" classname="com.example.demo.repository.AnimeRepositoryTest" time="0.017"/>
  <testcase name="SAVE - It updates anime if successful" classname="com.example.demo.repository.AnimeRepositoryTest" time="0.047"/>
  <testcase name="GET - It returns an empty list if anime is not found" classname="com.example.demo.repository.AnimeRepositoryTest" time="0.016"/>
  <testcase name="SAVE - It persists anime if successful" classname="com.example.demo.repository.AnimeRepositoryTest" time="0.044"/>
  <testcase name="SAVE - It throws ConstraintViolationException if name is empty" classname="com.example.demo.repository.AnimeRepositoryTest" time="0.049"/>
  <system-out><![CDATA[16:30:45.891 [Test worker] INFO  o.s.t.c.s.AnnotationConfigContextLoaderUtils - Could not detect default configuration classes for test class [com.example.demo.repository.AnimeRepositoryTest]: AnimeRepositoryTest does not declare any static, non-private, non-final, nested classes annotated with @Configuration.
16:30:45.991 [Test worker] INFO  o.s.b.t.c.SpringBootTestContextBootstrapper - Found @SpringBootConfiguration com.example.demo.SpringBoot1Application for test class com.example.demo.repository.AnimeRepositoryTest

  .   ____          _            __ _ _
 /\\ / ___'_ __ _ _(_)_ __  __ _ \ \ \ \
( ( )\___ | '_ | '_| | '_ \/ _` | \ \ \ \
 \\/  ___)| |_)| | | | | || (_| |  ) ) ) )
  '  |____| .__|_| |_|_| |_\__, | / / / /
 =========|_|==============|___/=/_/_/_/
 :: Spring Boot ::                (v3.1.4)

16:30:46.188 [Test worker] INFO  c.e.d.repository.AnimeRepositoryTest - Starting AnimeRepositoryTest using Java 17.0.7 with PID 2080 (started by Rafae in C:\Users\Rafae\OneDrive\Documentos\dev\springboot\spring-anime-crud)
16:30:46.189 [Test worker] INFO  c.e.d.repository.AnimeRepositoryTest - No active profile set, falling back to 1 default profile: "default"
16:30:46.658 [Test worker] INFO  o.s.d.r.c.RepositoryConfigurationDelegate - Bootstrapping Spring Data JPA repositories in DEFAULT mode.
16:30:46.723 [Test worker] INFO  o.s.d.r.c.RepositoryConfigurationDelegate - Finished Spring Data repository scanning in 63 ms. Found 2 JPA repository interfaces.
16:30:46.781 [Test worker] INFO  o.s.b.t.a.j.TestDatabaseAutoConfiguration$EmbeddedDataSourceBeanFactoryPostProcessor - Replacing 'dataSource' DataSource bean with embedded version
16:30:46.836 [Test worker] INFO  o.s.j.d.e.EmbeddedDatabaseFactory - Starting embedded database: url='jdbc:h2:mem:fdad689d-0281-44d0-91f2-ff8de741d6aa;DB_CLOSE_DELAY=-1;DB_CLOSE_ON_EXIT=false', username='sa'
16:30:46.910 [Test worker] INFO  o.h.jpa.internal.util.LogHelper - HHH000204: Processing PersistenceUnitInfo [name: default]
16:30:46.948 [Test worker] INFO  o.h.b.i.BytecodeProviderInitiator - HHH000021: Bytecode provider name : bytebuddy
16:30:46.949 [Test worker] INFO  o.s.o.j.p.SpringPersistenceUnitInfo - No LoadTimeWeaver setup: ignoring JPA class transformer
16:30:46.984 [Test worker] INFO  o.h.b.i.BytecodeProviderInitiator - HHH000021: Bytecode provider name : bytebuddy
16:30:47.159 [Test worker] INFO  o.h.e.t.j.p.i.JtaPlatformInitiator - HHH000490: Using JtaPlatform implementation: [org.hibernate.engine.transaction.jta.platform.internal.NoJtaPlatform]
16:30:47.165 [Test worker] DEBUG org.hibernate.SQL - create table anime (id bigint generated by default as identity, name varchar(255), primary key (id))
Hibernate: create table anime (id bigint generated by default as identity, name varchar(255), primary key (id))
16:30:47.171 [Test worker] DEBUG org.hibernate.SQL - create table sys_user (id bigint generated by default as identity, authorities varchar(255), name varchar(255), password varchar(255), username varchar(255), primary key (id))
Hibernate: create table sys_user (id bigint generated by default as identity, authorities varchar(255), name varchar(255), password varchar(255), username varchar(255), primary key (id))
16:30:47.177 [Test worker] INFO  o.s.o.j.LocalContainerEntityManagerFactoryBean - Initialized JPA EntityManagerFactory for persistence unit 'default'
16:30:47.547 [Test worker] INFO  c.e.d.repository.AnimeRepositoryTest - Started AnimeRepositoryTest in 1.545 seconds (process running for 37.248)
16:30:47.620 [Test worker] DEBUG org.hibernate.SQL - insert into anime (name,id) values (?,default)
Hibernate: insert into anime (name,id) values (?,default)
16:30:47.630 [Test worker] DEBUG org.hibernate.SQL - select a1_0.id,a1_0.name from anime a1_0 where a1_0.name=?
Hibernate: select a1_0.id,a1_0.name from anime a1_0 where a1_0.name=?
16:30:47.665 [Test worker] DEBUG org.hibernate.SQL - insert into anime (name,id) values (?,default)
Hibernate: insert into anime (name,id) values (?,default)
16:30:47.705 [Test worker] DEBUG org.hibernate.SQL - insert into anime (name,id) values (?,default)
Hibernate: insert into anime (name,id) values (?,default)
16:30:47.737 [Test worker] DEBUG org.hibernate.SQL - select a1_0.id,a1_0.name from anime a1_0 where a1_0.name=?
Hibernate: select a1_0.id,a1_0.name from anime a1_0 where a1_0.name=?
16:30:47.759 [Test worker] DEBUG org.hibernate.SQL - insert into anime (name,id) values (?,default)
Hibernate: insert into anime (name,id) values (?,default)
]]></system-out>
  <system-err><![CDATA[]]></system-err>
</testsuite>
